{"level":"info","message":"Tx signature: 5ksC2N2CjbB5JFFs41n5TbCQhxF4EssCdyqgbqz6V6LT3E2cbcjbUyqjyXqJkcdHp6sdVop58dCMG3MFadDSBj9m","timestamp":"2024-09-29T12:46:22.571Z"}
{"level":"error","message":"Failed Initializing Asset Manager: Simulation failed. \nMessage: Transaction simulation failed: Error processing Instruction 0: custom program error: 0x0. \nLogs: \n[\n  \"Program Aoatckj8Ajsacpa6xom3iKrR5NjY3it3K9S31zU8oXgW invoke [1]\",\n  \"Program log: Instruction: Initialize\",\n  \"Program 11111111111111111111111111111111 invoke [2]\",\n  \"Allocate: account Address { address: 8rQVxi8R2NBntyt1nTfs6rfNvWHLCVabXdeSZsg2jkGf, base: None } already in use\",\n  \"Program 11111111111111111111111111111111 failed: custom program error: 0x0\",\n  \"Program Aoatckj8Ajsacpa6xom3iKrR5NjY3it3K9S31zU8oXgW consumed 7611 of 200000 compute units\",\n  \"Program Aoatckj8Ajsacpa6xom3iKrR5NjY3it3K9S31zU8oXgW failed: custom program error: 0x0\"\n]. \nCatch the `SendTransactionError` and call `getLogs()` on it for full details.","timestamp":"2024-09-29T12:47:18.979Z"}
{"level":"error","message":"Failed Initializing Asset Manager: Simulation failed. \nMessage: Transaction simulation failed: Error processing Instruction 0: custom program error: 0x0. \nLogs: \n[\n  \"Program Aoatckj8Ajsacpa6xom3iKrR5NjY3it3K9S31zU8oXgW invoke [1]\",\n  \"Program log: Instruction: Initialize\",\n  \"Program 11111111111111111111111111111111 invoke [2]\",\n  \"Allocate: account Address { address: 8rQVxi8R2NBntyt1nTfs6rfNvWHLCVabXdeSZsg2jkGf, base: None } already in use\",\n  \"Program 11111111111111111111111111111111 failed: custom program error: 0x0\",\n  \"Program Aoatckj8Ajsacpa6xom3iKrR5NjY3it3K9S31zU8oXgW consumed 7611 of 200000 compute units\",\n  \"Program Aoatckj8Ajsacpa6xom3iKrR5NjY3it3K9S31zU8oXgW failed: custom program error: 0x0\"\n]. \nCatch the `SendTransactionError` and call `getLogs()` on it for full details.","timestamp":"2024-09-29T12:47:44.666Z"}
{"level":"error","message":"Failed Initializing Asset Manager: Simulation failed. \nMessage: Transaction simulation failed: Error processing Instruction 0: Program failed to complete. \nLogs: \n[\n  \"Program AymVk6uaPb3BK5B9FcCb93BzTqQaPJcxSgpSz8WX672m invoke [1]\",\n  \"Program log: Instruction: Initialize\",\n  \"Program log: Error: memory allocation failed, out of memory\",\n  \"Program AymVk6uaPb3BK5B9FcCb93BzTqQaPJcxSgpSz8WX672m consumed 1346 of 200000 compute units\",\n  \"Program AymVk6uaPb3BK5B9FcCb93BzTqQaPJcxSgpSz8WX672m failed: SBF program panicked\"\n]. \nCatch the `SendTransactionError` and call `getLogs()` on it for full details.","timestamp":"2024-09-29T12:51:18.507Z"}
{"level":"info","message":"Tx signature: 2rzEKZuWAz7UxQ4jXp1GHUvuswgeg58tFLevYBB4s6j6H8iFZEzM8iDysornfzHwiWdat5icUPzm3dMny8AUJTCm","timestamp":"2024-09-29T12:51:48.061Z"}
{"level":"info","message":"Tx signature: 2SHn6XcX9d6rczqzPHWwgrogn7pZkyHYExttAAgEBHRr6BkNfhCZY4CkLs6ZRKzD31k7mfuUnkBXBudPsQJMJBV5","timestamp":"2024-09-29T13:05:07.818Z"}
{"level":"info","message":"BNUSD Authority: 55YFzPMaTvGbcQiq916f9EXSCQDyGA8HXpGKN61nrEW7","timestamp":"2024-09-29T13:06:25.141Z"}
{"level":"info","message":"Tx signature: 5JXzCQao1BN1FUQMTKniZbQ7FjpEAsDbNmBmFASmtV55NyA5QfSbXKQbnNpiiDvc2GjzaaFK3cMZn96GbgKd3pDk","timestamp":"2024-09-29T13:15:45.813Z"}
{"level":"info","message":"Tx signature: 35arnuByeLFdmyAWVrFZtv2WQd8MAtAewSvh3vWm81Mk6NRgoJ41hdCNgjcjiH1x6pQzRsnKZ3T7jF3FZKcKmRQQ","timestamp":"2024-09-29T13:17:42.468Z"}
{"level":"info","message":"Whitelisted actions:","timestamp":"2024-09-29T13:22:10.191Z"}
{"level":"info","message":"Whitelisted actions:","timestamp":"2024-09-29T13:22:57.859Z"}
{"level":"info","message":"Tx signature: 5PQEPSM1kWaopPYVaVf1fcTWD8zS2hom9TxUhBrzmXhm4T4iywmbMSeC4w7Z65H1ZteakbJ4P1i6xV5PkcDQir3M","timestamp":"2024-09-29T13:23:20.790Z"}
{"level":"info","message":"Whitelisted actions:","timestamp":"2024-09-29T13:23:25.804Z"}
{"level":"info","message":"Whitelisted actions:","timestamp":"2024-09-29T13:23:41.221Z"}
{"0":{"data":[48,120,102,56,54,100,57,50,52,51,54,102,54,101,54,54,54,57,54,55,55,53,55,50,54,53,53,48,55,50,54,102,55,52,54,102,54,51,54,102,54,99,55,51,101,100,97,99,51,52,55,54,54,54,54,98,53,56,55,57,55,56,52,100,55,56,55,48,55,52,54,100,53,50,52,53,52,54,51,51,53,50,54,49,52,54,52,98,53,53,55,55,54,101,53,48,53,50,55,53,55,49,55,51,53,56,52,97,52,97,54,53,53,53,52,54,55,97,55,48,52,51,54,97,53,48,53,51,53,51,53,54,52,100,54,50,101,98,97,97,54,51,55,56,51,50,51,55,54,53,51,53,51,51,51,52,51,49,51,55,54,51,51,52,51,52,51,53,54,51,51,50,51,49,54,50,54,50,54,54,54,54,54,50,51,56,51,57,51,54,51,50,51,57,51,53,51,57,51,48,51,50,51,53,51,48,54,53,51,53,54,54,51,57,51,50,51,50,51,52,51,56,54,49],"type":"Buffer"},"level":"info","message":"Whitelisted actions:","timestamp":"2024-09-29T13:24:08.096Z"}
{"0":{"data":[48,120,102,56,54,100,57,50,52,51,54,102,54,101,54,54,54,57,54,55,55,53,55,50,54,53,53,48,55,50,54,102,55,52,54,102,54,51,54,102,54,99,55,51,101,100,97,99,51,52,55,54,54,54,54,98,53,56,55,57,55,56,52,100,55,56,55,48,55,52,54,100,53,50,52,53,52,54,51,51,53,50,54,49,52,54,52,98,53,53,55,55,54,101,53,48,53,50,55,53,55,49,55,51,53,56,52,97,52,97,54,53,53,53,52,54,55,97,55,48,52,51,54,97,53,48,53,51,53,51,53,54,52,100,54,50,101,98,97,97,54,51,55,56,51,50,51,55,54,53,51,53,51,51,51,52,51,49,51,55,54,51,51,52,51,52,51,53,54,51,51,50,51,49,54,50,54,50,54,54,54,54,54,50,51,56,51,57,51,54,51,50,51,57,51,53,51,57,51,48,51,50,51,53,51,48,54,53,51,53,54,54,51,57,51,50,51,50,51,52,51,56,54,49],"type":"Buffer"},"level":"info","message":"Whitelisted actions:","timestamp":"2024-09-29T13:24:28.749Z"}
{"level":"info","message":"Tx signature: 8MF2mWENMH5Z2tTN5zAg9RvSjso2oXccTXnSJztHSCPLbJ3NGR1tjcrZkKTPqgvhSDDXaVbg2q8eUNwPFxH9aKs","timestamp":"2024-09-29T14:03:16.654Z"}
{"level":"info","message":"Tx signature: 3cZ6xrEr7koKEtGHcRWmp3E2DxHbmh3uL6Y2dUgxH7w5BGVDsQ5h9VqHwpqamATDCeRdqKXNcKgGCANGDDEvMbjm","timestamp":"2024-09-29T14:03:33.006Z"}
{"level":"info","message":"Tx signature: 5R5omgpxU8yghQvfnM9mu8ygH4fdPfwrnZ62EKDbhBhtUDSTaXTXdaxjK9FHgKs7QfEc2YNryCEMZdgUCXxarTdg","timestamp":"2024-09-29T14:10:40.516Z"}
{"level":"info","message":"Tx signature: 2DuGAUgGkvNVPzjSS3DtuVFCvpeXVcjPyVaY2w9NFDSbvVBU9dqSrTBvZoEguvnj2rBeknGqCs3uwZWX6dCdHvVa","timestamp":"2024-09-29T14:22:48.340Z"}
{"level":"info","message":"Tx signature: 2Xtqz1nJ4scGv6w3B96qr7DwmG5nY2qfCRXW8Kni8prscHpmcf1xSKhHYMLxJUAz7xNNsL8qDQ7hsjRodK6BPXhJ","timestamp":"2024-09-29T14:22:53.552Z"}
{"level":"info","message":"Tx signature: 3H2cvjeYZrVvcYhqDeXGbyXMgHUtkbuFcnANFFkXKsGqcvT4zacTJcFGQKbMjzFBHqNH4VYtgwdcxVGVA3JZsCTp","timestamp":"2024-09-29T14:25:16.247Z"}
{"level":"info","message":"Tx signature: 2CPkSCceL8JuwLD7zcxjx3DJ4ftAgDkxvNx8xKrzfVtBQfNTP9RrmnXvQ6mLqiLhCthYJPKKccFXtgtEQPPfhYda","timestamp":"2024-09-29T14:32:09.914Z"}
{"level":"error","message":"Failed to configure rate limit: Simulation failed. \nMessage: Transaction simulation failed: Error processing Instruction 0: custom program error: 0xbc4. \nLogs: \n[\n  \"Program GTQovomJUtRyo6kdfwh7PuKFQSDkS45VAymzm8Ka2jks invoke [1]\",\n  \"Program log: Instruction: SetAdmin\",\n  \"Program log: AnchorError caused by account: config. Error Code: AccountNotInitialized. Error Number: 3012. Error Message: The program expected this account to be already initialized.\",\n  \"Program GTQovomJUtRyo6kdfwh7PuKFQSDkS45VAymzm8Ka2jks consumed 3168 of 200000 compute units\",\n  \"Program GTQovomJUtRyo6kdfwh7PuKFQSDkS45VAymzm8Ka2jks failed: custom program error: 0xbc4\"\n]. \nCatch the `SendTransactionError` and call `getLogs()` on it for full details.","timestamp":"2024-09-29T14:49:19.436Z"}
{"level":"info","message":"Tx signature: 3rVcSU3d7hXWba9W3RkV34EybFM1urFdY4xgvvU7akFd5VnsDbZFojfMBtKLxtxahnQBNhLth1qx6Ld7yW6HkoVa","timestamp":"2024-09-29T14:49:51.702Z"}
{"level":"info","message":"Transaction Signature: 126B4eYDq83EiSh3x9mUN2B7pVzHds5j9rja2acnMzTsdB78X7w5XJC3XNKd13jPxoAQNDvG7dTJfoQgMyARxL8E","timestamp":"2024-09-30T03:31:15.060Z"}
{"level":"info","message":"Transaction Signature: 3Us1JoPt3ckxoywJs7CrH32EY838KU3bSGLxp18AjLqVJsUi2Mt8CEhAiCrH1bha1P1HHEXbfDsvFG6MDsgA7LXw","timestamp":"2024-09-30T04:10:16.096Z"}
{"level":"info","message":"Tx signature: UNeMKZKf4UAm6Pw6USAYgves1gwf2bYZebHnVpEqiZzayuVdYWTLP1DZ3xPuWTyStEdZzpMCZT1PwkfWFJGQefN","timestamp":"2024-09-30T04:19:33.493Z"}
{"level":"info","message":"Transaction Signature: 4uHViWxyiuXUeAJrrf4dJKUhU7659BEr7wgFC9gWhxMNdMVVybv6UiXzwG1HTZVi2LmuCrXEDs1nK4rrMjSdRzNc","timestamp":"2024-09-30T04:56:55.781Z"}
{"level":"info","message":"Transaction Signature: 1pC8yrdCuPsEju63mauX4RKNV45MC6ez3zSTeixj6cKXr8cKW27Bj9osusrxZmJ54854nDszWXdn4gxEntwZnfL","timestamp":"2024-09-30T04:57:16.883Z"}
{"level":"info","message":"Transaction Signature: 42SLfQHF7MyM58tUJP1UDZdp4mrGxsxHetWQ8FSrEpFN9GkQ8Z8tdu8dnbrtpvkpnRVsQeHF5Mp51ijpwALp9cNE","timestamp":"2024-09-30T04:58:48.119Z"}
