{"0":"4bZDtRAEQhvjRVoNdynkDBBhNBgkjHoEd2GeSNgKUhhd","1":"BWruc8NzF3hnGhWEAa89rDW2hP6jFnWGUdEwqckkAfNF","level":"info","message":"Fetched centralized contracts from xcall-manager:","timestamp":"2024-09-27T16:50:47.456Z"}
{"level":"error","message":"Error sending deposit transaction: ANCHOR_PROVIDER_URL is not defined","timestamp":"2024-09-27T17:14:27.901Z"}
{"level":"error","message":"Error sending deposit transaction: x.pubkey.toBase58 is not a function","timestamp":"2024-09-27T17:14:57.838Z"}
{"level":"error","message":"Error sending deposit transaction: x.pubkey.toBase58 is not a function","timestamp":"2024-09-27T17:15:27.854Z"}
{"level":"error","message":"Error sending deposit transaction: Transaction instruction index 1 has undefined program id","timestamp":"2024-09-27T17:16:34.427Z"}
{"level":"error","message":"Error sending deposit transaction: Simulation failed. \nMessage: Transaction simulation failed: Error processing Instruction 1: custom program error: 0xbbf. \nLogs: \n[\n  \"Program log: Left:\",\n  \"Program log: BPFLoaderUpgradeab1e11111111111111111111111\",\n  \"Program log: Right:\",\n  \"Program log: BWruc8NzF3hnGhWEAa89rDW2hP6jFnWGUdEwqckkAfNF\",\n  \"Program BWruc8NzF3hnGhWEAa89rDW2hP6jFnWGUdEwqckkAfNF consumed 5292 of 753898 compute units\",\n  \"Program BWruc8NzF3hnGhWEAa89rDW2hP6jFnWGUdEwqckkAfNF failed: custom program error: 0xbbf\",\n  \"Program GTQovomJUtRyo6kdfwh7PuKFQSDkS45VAymzm8Ka2jks consumed 113361 of 861967 compute units\",\n  \"Program GTQovomJUtRyo6kdfwh7PuKFQSDkS45VAymzm8Ka2jks failed: custom program error: 0xbbf\",\n  \"Program E7YLAjpEdGhuRWeMhTZ24UTjaqroaK2G37YPPHPPxUeM consumed 251244 of 999850 compute units\",\n  \"Program E7YLAjpEdGhuRWeMhTZ24UTjaqroaK2G37YPPHPPxUeM failed: custom program error: 0xbbf\"\n]. \nCatch the `SendTransactionError` and call `getLogs()` on it for full details.","timestamp":"2024-09-27T18:03:14.262Z"}
{"level":"error","message":"Error sending deposit transaction: Simulation failed. \nMessage: Transaction simulation failed: Error processing Instruction 1: custom program error: 0xbbf. \nLogs: \n[\n  \"Program log: Left:\",\n  \"Program log: BPFLoaderUpgradeab1e11111111111111111111111\",\n  \"Program log: Right:\",\n  \"Program log: BWruc8NzF3hnGhWEAa89rDW2hP6jFnWGUdEwqckkAfNF\",\n  \"Program BWruc8NzF3hnGhWEAa89rDW2hP6jFnWGUdEwqckkAfNF consumed 5292 of 753898 compute units\",\n  \"Program BWruc8NzF3hnGhWEAa89rDW2hP6jFnWGUdEwqckkAfNF failed: custom program error: 0xbbf\",\n  \"Program GTQovomJUtRyo6kdfwh7PuKFQSDkS45VAymzm8Ka2jks consumed 113361 of 861967 compute units\",\n  \"Program GTQovomJUtRyo6kdfwh7PuKFQSDkS45VAymzm8Ka2jks failed: custom program error: 0xbbf\",\n  \"Program E7YLAjpEdGhuRWeMhTZ24UTjaqroaK2G37YPPHPPxUeM consumed 251244 of 999850 compute units\",\n  \"Program E7YLAjpEdGhuRWeMhTZ24UTjaqroaK2G37YPPHPPxUeM failed: custom program error: 0xbbf\"\n]. \nCatch the `SendTransactionError` and call `getLogs()` on it for full details.","timestamp":"2024-09-27T18:04:29.210Z"}
{"level":"info","message":"Transaction Signature: 41NjWZfczuBMkS5aHxrCsD7gtLFnmLNN1eZihHnM8YAiwfdB19p8NHLGpAUPtpc46yNE9RyB5aGjN5xBUCkAqcbz","timestamp":"2024-09-27T18:06:44.600Z"}
{"level":"info","message":"Transaction Signature: 4cfYmUwGDGb3sFFULA6qyF9XhkzzFFbuSr4WT9YBExDJcXCaEJHZfyGw1s8PMW6UkVi9PBQaFSYXZmYanbTDH45q","timestamp":"2024-09-27T18:14:24.799Z"}
{"level":"info","message":"Transaction Signature: 2AU6jgPVnCuD7uasjMdHZYmCidPmtQKtjHJAhyvHQ1BXcTp8UQg9Dha3XSsYcRgT6Yf4mwqfWkCcdp8AsYUDLrph","timestamp":"2024-09-27T18:14:38.847Z"}
{"level":"info","message":"Transaction Signature: 2vhCLTTEcQXgF3umtZpSdfHbFu3z6FaNtx71ovviYBZskwKSuozidEV5H37NesqfvxAdBipTxENY2n2wMAgCc1FP","timestamp":"2024-09-27T18:15:44.875Z"}
{"level":"info","message":"Transaction Signature: wRqS4KYacGNGFchq9JKSB9399UmZCSXg4E65p5kz2vDCeMfqGiANPmT6XsVBnLGcNFjZtjVzXGr3uEjCW9b2Bot","timestamp":"2024-09-27T18:16:15.154Z"}
{"level":"info","message":"Transaction Signature: QJw23qzbnZ6ug9gLeWE47PwmTAUEubAqzoeEG3raVeJWP2PHJ41EWAebEQFQoQVwfGqdR7feLZLnvSwzoWxD41m","timestamp":"2024-09-27T18:18:58.471Z"}
{"level":"info","message":"Transaction Signature: 3yWKFPEVsR1T8qPLjzuyBdn9YeUAZjkwb6eshXy99avQmTdEdRVqQ5AsjC1Dq59Fx2enmtLGzhzwHkNGTbhsnNR1","timestamp":"2024-09-27T18:22:54.249Z"}
{"level":"info","message":"Transaction Signature: 48wjxqgUPsiWcVgRnZKqLFwKg8DnbfpdZm8PXuCJxG8BDTWUnU1TSmxpUwFXiYHFhNvqvhVpfZGWR3m6D46kcSGV","timestamp":"2024-09-27T18:24:08.756Z"}
{"level":"info","message":"Transaction Signature: 4fdAXZLnrwYaYwF4czYKegwYoDhMfRA8TJyqUFaDYPGmWH91euG8hm3YaEY3cAoMWSHxKESFC7u9oGa8y6PPMDHq","timestamp":"2024-09-27T18:26:59.121Z"}
{"level":"error","message":"Error sending deposit transaction: Simulation failed. \nMessage: Transaction simulation failed: Error processing Instruction 1: custom program error: 0x1782. \nLogs: \n[\n  \"Program ComputeBudget111111111111111111111111111111 invoke [1]\",\n  \"Program ComputeBudget111111111111111111111111111111 success\",\n  \"Program E7YLAjpEdGhuRWeMhTZ24UTjaqroaK2G37YPPHPPxUeM invoke [1]\",\n  \"Program log: Instruction: DepositToken\",\n  \"Program log: AnchorError occurred. Error Code: InvalidFromAddress. Error Number: 6018. Error Message: invalid from address.\",\n  \"Program E7YLAjpEdGhuRWeMhTZ24UTjaqroaK2G37YPPHPPxUeM consumed 22753 of 999850 compute units\",\n  \"Program E7YLAjpEdGhuRWeMhTZ24UTjaqroaK2G37YPPHPPxUeM failed: custom program error: 0x1782\"\n]. \nCatch the `SendTransactionError` and call `getLogs()` on it for full details.","timestamp":"2024-09-27T18:32:38.785Z"}
{"level":"info","message":"Transaction Signature: 63YvkhjaRcEY6UKB2UhC58uS9yzFrPbuvNrthNo191n78wg9aRaHDpRgh5M7M4vzp9ki6QZfZBoHtUPgCa1LUuW2","timestamp":"2024-09-27T18:33:28.717Z"}
{"level":"error","message":"Failed to configure rate limit: Cannot read properties of undefined (reading 'publicKey')","timestamp":"2024-09-27T18:43:33.160Z"}
{"level":"error","message":"Failed to configure rate limit: Cannot read properties of undefined (reading 'publicKey')","timestamp":"2024-09-27T18:44:04.031Z"}
{"level":"error","message":"Failed to configure rate limit: Cannot read properties of undefined (reading 'publicKey')","timestamp":"2024-09-27T18:44:21.083Z"}
{"level":"error","message":"Failed to configure rate limit: Wrong input type for account \"admin\" in the instruction accounts object for instruction \"configureRateLimit\". Expected PublicKey or string.","timestamp":"2024-09-27T18:44:37.402Z"}
{"level":"error","message":"Failed to configure rate limit: Cannot read properties of undefined (reading 'publicKey')","timestamp":"2024-09-27T18:44:49.300Z"}
{"level":"error","message":"Failed to configure rate limit: Cannot read properties of undefined (reading 'publicKey')","timestamp":"2024-09-27T18:45:39.743Z"}
{"level":"error","message":"Failed to configure rate limit: Cannot read properties of undefined (reading 'publicKey')","timestamp":"2024-09-27T18:46:05.690Z"}
{"level":"error","message":"Failed to configure rate limit: Cannot read properties of undefined (reading 'publicKey')","timestamp":"2024-09-27T18:46:41.036Z"}
{"level":"info","message":"Tx signature: 5rj4PJ9we9AHGvmB7KdpUCYe8ABCdMXRMvKhyxV1gKymnGjSLGe7K5QzEzEBeSjSWaUhzmAXxL3Jmsk9meHzMebp","timestamp":"2024-09-27T18:50:08.945Z"}
{"level":"error","message":"Failed to configure rate limit: configureIx.rpc is not a function","timestamp":"2024-09-27T18:51:15.338Z"}
{"level":"info","message":"Tx signature: 5Kkj6tUjUYgvSGqX5Hsi8ggzyAWtjDKV696bjwNp5YGMJUoRGvEQdska29VGagmUpLBnHk5yis5YYHdNHn2vRGEA","timestamp":"2024-09-27T18:51:50.909Z"}
{"level":"info","message":"Tx signature: 4eSA8YADDpCGqNAFSCH1Dy67MNN4ou1wL7R8uNcGk832sDePbwK9UrSuhfrXY78uk6Xb36eiRdxcqq4HPu1jzScN","timestamp":"2024-09-27T19:01:06.854Z"}
{"level":"info","message":"Tx signature: 2MdP7Kn7kXK7jAGp6t6vLsrZ5k5DTfg7USBeE9oZhrWtZwzYGzc1WepWRPFpCiTxpiYs5a2y3yV8rt55MX2zVnMc","timestamp":"2024-09-27T19:04:38.607Z"}
{"level":"info","message":"Tx signature: 3T5YZTdZJayFeHeoKMQS4BAwVQQt1Hq2RF1XSZFGgBACxpYgeWWoESNY2jYndkQq6VbRxzgMAazcDj6XMsDpdvv9","timestamp":"2024-09-27T19:05:52.305Z"}
{"level":"info","message":"Transaction Signature: 46kTjqTHwLdHXobtTknBFfZdZ4BEoL237mrRT9QnEQtS3NESkmcfxYgQ4jnhGV7qryrbqNjTtfGoEabazDi6t83t","timestamp":"2024-09-27T19:23:28.545Z"}
{"level":"error","message":"Failed to configure rate limit: Simulation failed. \nMessage: Transaction simulation failed: Error processing Instruction 0: custom program error: 0x66. \nLogs: \n[\n  \"Program EbANgP45vnngbyrZFEobiuVPedCPd3uM5v6NrUWJqLeQ invoke [1]\",\n  \"Program log: Instruction: SetProtocols\",\n  \"Program log: AnchorError occurred. Error Code: InstructionDidNotDeserialize. Error Number: 102. Error Message: The program could not deserialize the given instruction.\",\n  \"Program EbANgP45vnngbyrZFEobiuVPedCPd3uM5v6NrUWJqLeQ consumed 2641 of 200000 compute units\",\n  \"Program EbANgP45vnngbyrZFEobiuVPedCPd3uM5v6NrUWJqLeQ failed: custom program error: 0x66\"\n]. \nCatch the `SendTransactionError` and call `getLogs()` on it for full details.","timestamp":"2024-09-27T19:33:19.919Z"}
{"level":"info","message":"Tx signature: 2K4PnVG7QAWRqxcf13DRaKktKvfrgSez9AdhkNLs1rUh3vtmxzhzYTuBUx7VQVwmaZNNoQDN7kWPZ7kVEET4r76v","timestamp":"2024-09-27T19:35:40.185Z"}
{"level":"error","message":"Failed Initializing Asset Manager: Simulation failed. \nMessage: Transaction simulation failed: Error processing Instruction 0: custom program error: 0x1004. \nLogs: \n[\n  \"Program 2VSzwPCVwoh8vBRpQ9aZWhWES7hMX1FRqVNLZSsLQnEY invoke [1]\",\n  \"Program log: AnchorError occurred. Error Code: DeclaredProgramIdMismatch. Error Number: 4100. Error Message: The declared program id does not match the actual program id.\",\n  \"Program 2VSzwPCVwoh8vBRpQ9aZWhWES7hMX1FRqVNLZSsLQnEY consumed 2505 of 200000 compute units\",\n  \"Program 2VSzwPCVwoh8vBRpQ9aZWhWES7hMX1FRqVNLZSsLQnEY failed: custom program error: 0x1004\"\n]. \nCatch the `SendTransactionError` and call `getLogs()` on it for full details.","timestamp":"2024-09-27T20:06:13.483Z"}
